{"name": "test_empty_password_change", "status": "broken", "statusDetails": {"message": "selenium.common.exceptions.NoSuchWindowException: Message: no such window: target window already closed\nfrom unknown error: web view not found\n  (Session info: chrome=124.0.6367.93)\nStacktrace:\n0   chromedriver                        0x0000000104e64a18 chromedriver + 5216792\n1   chromedriver                        0x0000000104e5c653 chromedriver + 5183059\n2   chromedriver                        0x00000001049ce527 chromedriver + 406823\n3   chromedriver                        0x00000001049a456e chromedriver + 234862\n4   chromedriver                        0x0000000104a4502d chromedriver + 892973\n5   chromedriver                        0x0000000104a5b038 chromedriver + 983096\n6   chromedriver                        0x0000000104a3c4a3 chromedriver + 857251\n7   chromedriver                        0x0000000104a0cfe3 chromedriver + 663523\n8   chromedriver                        0x0000000104a0d92e chromedriver + 665902\n9   chromedriver                        0x0000000104e22930 chromedriver + 4946224\n10  chromedriver                        0x0000000104e289e4 chromedriver + 4970980\n11  chromedriver                        0x0000000104e0342e chromedriver + 4817966\n12  chromedriver                        0x0000000104e294f9 chromedriver + 4973817\n13  chromedriver                        0x0000000104df36b4 chromedriver + 4753076\n14  chromedriver                        0x0000000104e4bba8 chromedriver + 5114792\n15  chromedriver                        0x0000000104e4bd67 chromedriver + 5115239\n16  chromedriver                        0x0000000104e5c273 chromedriver + 5182067\n17  libsystem_pthread.dylib             0x00007ff81b5e5202 _pthread_start + 99\n18  libsystem_pthread.dylib             0x00007ff81b5e0bab thread_start + 15", "trace": "self = <test_ayarlar.TobetoAyarlar testMethod=test_empty_password_change>\n\n    def test_empty_password_change(self):\n        ayarlar = Ayarlar(self.driver)\n        ayarlar.ana_giris()\n        ayarlar.sayfayi_asagi_indir()\n        ayarlar.profil_olustur_bul_tikla()\n        ayarlar.ayarlar_butonuna_tikla()\n>       ayarlar.eski_sifre_bul_ve_gönder(\"\")\n\ntests/test_ayarlar.py:20: \n_ _ _ _ _ _ _ _ _ _ _ _ _ _ _ _ _ _ _ _ _ _ _ _ _ _ _ _ _ _ _ _ _ _ _ _ _ _ _ _ _ _ _ _ _ _ _ _ _ _ _ _ _ _ _ _ _ _ _ _ _ _ _ _ _\npages/ayarlar.py:39: in eski_sifre_bul_ve_gönder\n    eski_sifre = self.wait_element_visibility(ESKI_SIFRE_LOCATOR)\npages/PageBase.py:19: in wait_element_visibility\n    element = WebDriverWait(self.driver, 30).until(expected_conditions.visibility_of_element_located(locator))\n/Library/Frameworks/Python.framework/Versions/3.12/lib/python3.12/site-packages/selenium/webdriver/support/wait.py:96: in until\n    value = method(self._driver)\n/Library/Frameworks/Python.framework/Versions/3.12/lib/python3.12/site-packages/selenium/webdriver/support/expected_conditions.py:156: in _predicate\n    return _element_if_visible(driver.find_element(*locator))\n/Library/Frameworks/Python.framework/Versions/3.12/lib/python3.12/site-packages/selenium/webdriver/remote/webdriver.py:741: in find_element\n    return self.execute(Command.FIND_ELEMENT, {\"using\": by, \"value\": value})[\"value\"]\n/Library/Frameworks/Python.framework/Versions/3.12/lib/python3.12/site-packages/selenium/webdriver/remote/webdriver.py:347: in execute\n    self.error_handler.check_response(response)\n_ _ _ _ _ _ _ _ _ _ _ _ _ _ _ _ _ _ _ _ _ _ _ _ _ _ _ _ _ _ _ _ _ _ _ _ _ _ _ _ _ _ _ _ _ _ _ _ _ _ _ _ _ _ _ _ _ _ _ _ _ _ _ _ _\n\nself = <selenium.webdriver.remote.errorhandler.ErrorHandler object at 0x110f1f1a0>\nresponse = {'status': 404, 'value': '{\"value\":{\"error\":\"no such window\",\"message\":\"no such window: target window already closed\\\\...7ff81b5e5202 _pthread_start + 99\\\\n18  libsystem_pthread.dylib             0x00007ff81b5e0bab thread_start + 15\\\\n\"}}'}\n\n    def check_response(self, response: Dict[str, Any]) -> None:\n        \"\"\"Checks that a JSON response from the WebDriver does not have an\n        error.\n    \n        :Args:\n         - response - The JSON response from the WebDriver server as a dictionary\n           object.\n    \n        :Raises: If the response contains an error message.\n        \"\"\"\n        status = response.get(\"status\", None)\n        if not status or status == ErrorCode.SUCCESS:\n            return\n        value = None\n        message = response.get(\"message\", \"\")\n        screen: str = response.get(\"screen\", \"\")\n        stacktrace = None\n        if isinstance(status, int):\n            value_json = response.get(\"value\", None)\n            if value_json and isinstance(value_json, str):\n                import json\n    \n                try:\n                    value = json.loads(value_json)\n                    if len(value) == 1:\n                        value = value[\"value\"]\n                    status = value.get(\"error\", None)\n                    if not status:\n                        status = value.get(\"status\", ErrorCode.UNKNOWN_ERROR)\n                        message = value.get(\"value\") or value.get(\"message\")\n                        if not isinstance(message, str):\n                            value = message\n                            message = message.get(\"message\")\n                    else:\n                        message = value.get(\"message\", None)\n                except ValueError:\n                    pass\n    \n        exception_class: Type[WebDriverException]\n        e = ErrorCode()\n        error_codes = [item for item in dir(e) if not item.startswith(\"__\")]\n        for error_code in error_codes:\n            error_info = getattr(ErrorCode, error_code)\n            if isinstance(error_info, list) and status in error_info:\n                exception_class = getattr(ExceptionMapping, error_code, WebDriverException)\n                break\n        else:\n            exception_class = WebDriverException\n    \n        if not value:\n            value = response[\"value\"]\n        if isinstance(value, str):\n            raise exception_class(value)\n        if message == \"\" and \"message\" in value:\n            message = value[\"message\"]\n    \n        screen = None  # type: ignore[assignment]\n        if \"screen\" in value:\n            screen = value[\"screen\"]\n    \n        stacktrace = None\n        st_value = value.get(\"stackTrace\") or value.get(\"stacktrace\")\n        if st_value:\n            if isinstance(st_value, str):\n                stacktrace = st_value.split(\"\\n\")\n            else:\n                stacktrace = []\n                try:\n                    for frame in st_value:\n                        line = frame.get(\"lineNumber\", \"\")\n                        file = frame.get(\"fileName\", \"<anonymous>\")\n                        if line:\n                            file = f\"{file}:{line}\"\n                        meth = frame.get(\"methodName\", \"<anonymous>\")\n                        if \"className\" in frame:\n                            meth = f\"{frame['className']}.{meth}\"\n                        msg = \"    at %s (%s)\"\n                        msg = msg % (meth, file)\n                        stacktrace.append(msg)\n                except TypeError:\n                    pass\n        if exception_class == UnexpectedAlertPresentException:\n            alert_text = None\n            if \"data\" in value:\n                alert_text = value[\"data\"].get(\"text\")\n            elif \"alert\" in value:\n                alert_text = value[\"alert\"].get(\"text\")\n            raise exception_class(message, screen, stacktrace, alert_text)  # type: ignore[call-arg]  # mypy is not smart enough here\n>       raise exception_class(message, screen, stacktrace)\nE       selenium.common.exceptions.NoSuchWindowException: Message: no such window: target window already closed\nE       from unknown error: web view not found\nE         (Session info: chrome=124.0.6367.93)\nE       Stacktrace:\nE       0   chromedriver                        0x0000000104e64a18 chromedriver + 5216792\nE       1   chromedriver                        0x0000000104e5c653 chromedriver + 5183059\nE       2   chromedriver                        0x00000001049ce527 chromedriver + 406823\nE       3   chromedriver                        0x00000001049a456e chromedriver + 234862\nE       4   chromedriver                        0x0000000104a4502d chromedriver + 892973\nE       5   chromedriver                        0x0000000104a5b038 chromedriver + 983096\nE       6   chromedriver                        0x0000000104a3c4a3 chromedriver + 857251\nE       7   chromedriver                        0x0000000104a0cfe3 chromedriver + 663523\nE       8   chromedriver                        0x0000000104a0d92e chromedriver + 665902\nE       9   chromedriver                        0x0000000104e22930 chromedriver + 4946224\nE       10  chromedriver                        0x0000000104e289e4 chromedriver + 4970980\nE       11  chromedriver                        0x0000000104e0342e chromedriver + 4817966\nE       12  chromedriver                        0x0000000104e294f9 chromedriver + 4973817\nE       13  chromedriver                        0x0000000104df36b4 chromedriver + 4753076\nE       14  chromedriver                        0x0000000104e4bba8 chromedriver + 5114792\nE       15  chromedriver                        0x0000000104e4bd67 chromedriver + 5115239\nE       16  chromedriver                        0x0000000104e5c273 chromedriver + 5182067\nE       17  libsystem_pthread.dylib             0x00007ff81b5e5202 _pthread_start + 99\nE       18  libsystem_pthread.dylib             0x00007ff81b5e0bab thread_start + 15\n\n/Library/Frameworks/Python.framework/Versions/3.12/lib/python3.12/site-packages/selenium/webdriver/remote/errorhandler.py:229: NoSuchWindowException"}, "start": 1714735796804, "stop": 1714735821333, "uuid": "cbc3ebc0-d31e-4d72-aa98-f474c0f3406b", "historyId": "3a90552a73280f64da3fb7b638f4b92a", "testCaseId": "3a90552a73280f64da3fb7b638f4b92a", "fullName": "tests.test_ayarlar.TobetoAyarlar#test_empty_password_change", "labels": [{"name": "tag", "value": "@pytest.mark.usefixtures('setup')"}, {"name": "parentSuite", "value": "tests"}, {"name": "suite", "value": "test_ayarlar"}, {"name": "subSuite", "value": "TobetoAyarlar"}, {"name": "host", "value": "elif.local"}, {"name": "thread", "value": "6276-MainThread"}, {"name": "framework", "value": "pytest"}, {"name": "language", "value": "cpython3"}, {"name": "package", "value": "tests.test_ayarlar"}]}